<?xml version="1.0" encoding="UTF-8"?>
<!-- Generated by org.testng.reporters.JUnitReportReporter -->
<testsuite hostname="BHUVI" failures="0" tests="2" name="testngframework.TestNgGroups" time="0.011" errors="0" timestamp="13 May 2024 07:14:32 GMT" skipped="0">
  <testcase classname="testngframework.TestNgGroups" name="tc5" time="0.010"/>
  <testcase classname="testngframework.TestNgGroups" name="tc6" time="0.001"/>
</testsuite> <!-- testngframework.TestNgGroups -->
